[    0.000000] Initializing cgroup subsys cpuset
[    0.000000] Initializing cgroup subsys cpu
[    0.000000] Initializing cgroup subsys cpuacct
[    0.000000] Linux version 4.4.0-166-generic (buildd@lcy01-amd64-020) (gcc version 5.4.0 20160609 (Ubuntu 5.4.0-6ubuntu1~16.04.10) ) #195-Ubuntu SMP Tue Oct 1 09:35:25 UTC 2019 (Ubuntu 4.4.0-166.195-generic 4.4.194)
[    0.000000] Command line: BOOT_IMAGE=/boot/vmlinuz-4.4.0-166-generic root=LABEL=cloudimg-rootfs ro console=tty1 console=ttyS0
[    0.000000] KERNEL supported cpus:
[    0.000000]   Intel GenuineIntel
[    0.000000]   AMD AuthenticAMD
[    0.000000]   Centaur CentaurHauls
[    0.000000] x86/fpu: xstate_offset[2]:  576, xstate_sizes[2]:  256
[    0.000000] x86/fpu: Supporting XSAVE feature 0x01: 'x87 floating point registers'
[    0.000000] x86/fpu: Supporting XSAVE feature 0x02: 'SSE registers'
[    0.000000] x86/fpu: Supporting XSAVE feature 0x04: 'AVX registers'
[    0.000000] x86/fpu: Enabled xstate features 0x7, context size is 832 bytes, using 'standard' format.
[    0.000000] e820: BIOS-provided physical RAM map:
[    0.000000] BIOS-e820: [mem 0x0000000000000000-0x000000000009fbff] usable
[    0.000000] BIOS-e820: [mem 0x000000000009fc00-0x000000000009ffff] reserved
[    0.000000] BIOS-e820: [mem 0x00000000000f0000-0x00000000000fffff] reserved
[    0.000000] BIOS-e820: [mem 0x0000000000100000-0x000000003ffeffff] usable
[    0.000000] BIOS-e820: [mem 0x000000003fff0000-0x000000003fffffff] ACPI data
[    0.000000] BIOS-e820: [mem 0x00000000fec00000-0x00000000fec00fff] reserved
[    0.000000] BIOS-e820: [mem 0x00000000fee00000-0x00000000fee00fff] reserved
[    0.000000] BIOS-e820: [mem 0x00000000fffc0000-0x00000000ffffffff] reserved
[    0.000000] NX (Execute Disable) protection: active
[    0.000000] SMBIOS 2.5 present.
[    0.000000] Hypervisor detected: KVM
[    0.000000] e820: last_pfn = 0x3fff0 max_arch_pfn = 0x400000000
[    0.000000] MTRR: Disabled
[    0.000000] x86/PAT: MTRRs disabled, skipping PAT initialization too.
[    0.000000] CPU MTRRs all blank - virtualized system.
[    0.000000] x86/PAT: Configuration [0-7]: WB  WT  UC- UC  WB  WT  UC- UC  
[    0.000000] found SMP MP-table at [mem 0x0009fff0-0x0009ffff] mapped at [ffff88000009fff0]
[    0.000000] Scanning 1 areas for low memory corruption
[    0.000000] RAMDISK: [mem 0x362f6000-0x37172fff]
[    0.000000] ACPI: Early table checksum verification disabled
[    0.000000] ACPI: RSDP 0x00000000000E0000 000024 (v02 VBOX  )
[    0.000000] ACPI: XSDT 0x000000003FFF0030 00003C (v01 VBOX   VBOXXSDT 00000001 ASL  00000061)
[    0.000000] ACPI: FACP 0x000000003FFF00F0 0000F4 (v04 VBOX   VBOXFACP 00000001 ASL  00000061)
[    0.000000] ACPI: DSDT 0x000000003FFF0470 0022EA (v02 VBOX   VBOXBIOS 00000002 INTL 20100528)
[    0.000000] ACPI: FACS 0x000000003FFF0200 000040
[    0.000000] ACPI: FACS 0x000000003FFF0200 000040
[    0.000000] ACPI: APIC 0x000000003FFF0240 00005C (v02 VBOX   VBOXAPIC 00000001 ASL  00000061)
[    0.000000] ACPI: SSDT 0x000000003FFF02A0 0001CC (v01 VBOX   VBOXCPUT 00000002 INTL 20100528)
[    0.000000] No NUMA configuration found
[    0.000000] Faking a node at [mem 0x0000000000000000-0x000000003ffeffff]
[    0.000000] NODE_DATA(0) allocated [mem 0x3ffeb000-0x3ffeffff]
[    0.000000] kvm-clock: Using msrs 4b564d01 and 4b564d00
[    0.000000] kvm-clock: cpu 0, msr 0:3ffe3001, primary cpu clock
[    0.000000] kvm-clock: using sched offset of 35208295592 cycles
[    0.000000] clocksource: kvm-clock: mask: 0xffffffffffffffff max_cycles: 0x1cd42e4dffb, max_idle_ns: 881590591483 ns
[    0.000000] Zone ranges:
[    0.000000]   DMA      [mem 0x0000000000001000-0x0000000000ffffff]
[    0.000000]   DMA32    [mem 0x0000000001000000-0x000000003ffeffff]
[    0.000000]   Normal   empty
[    0.000000]   Device   empty
[    0.000000] Movable zone start for each node
[    0.000000] Early memory node ranges
[    0.000000]   node   0: [mem 0x0000000000001000-0x000000000009efff]
[    0.000000]   node   0: [mem 0x0000000000100000-0x000000003ffeffff]
[    0.000000] Initmem setup node 0 [mem 0x0000000000001000-0x000000003ffeffff]
[    0.000000] ACPI: PM-Timer IO Port: 0x4008
[    0.000000] IOAPIC[0]: apic_id 2, version 32, address 0xfec00000, GSI 0-23
[    0.000000] ACPI: INT_SRC_OVR (bus 0 bus_irq 0 global_irq 2 dfl dfl)
[    0.000000] ACPI: INT_SRC_OVR (bus 0 bus_irq 9 global_irq 9 low level)
[    0.000000] Using ACPI (MADT) for SMP configuration information
[    0.000000] smpboot: Allowing 2 CPUs, 0 hotplug CPUs
[    0.000000] PM: Registered nosave memory: [mem 0x00000000-0x00000fff]
[    0.000000] PM: Registered nosave memory: [mem 0x0009f000-0x0009ffff]
[    0.000000] PM: Registered nosave memory: [mem 0x000a0000-0x000effff]
[    0.000000] PM: Registered nosave memory: [mem 0x000f0000-0x000fffff]
[    0.000000] e820: [mem 0x40000000-0xfebfffff] available for PCI devices
[    0.000000] Booting paravirtualized kernel on KVM
[    0.000000] clocksource: refined-jiffies: mask: 0xffffffff max_cycles: 0xffffffff, max_idle_ns: 7645519600211568 ns
[    0.000000] setup_percpu: NR_CPUS:512 nr_cpumask_bits:512 nr_cpu_ids:2 nr_node_ids:1
[    0.000000] PERCPU: Embedded 34 pages/cpu @ffff88003fc00000 s99544 r8192 d31528 u1048576
[    0.000000] Built 1 zonelists in Node order, mobility grouping on.  Total pages: 257912
[    0.000000] Policy zone: DMA32
[    0.000000] Kernel command line: BOOT_IMAGE=/boot/vmlinuz-4.4.0-166-generic root=LABEL=cloudimg-rootfs ro console=tty1 console=ttyS0
[    0.000000] PID hash table entries: 4096 (order: 3, 32768 bytes)
[    0.000000] Memory: 997712K/1048120K available (8623K kernel code, 1336K rwdata, 4036K rodata, 1488K init, 1288K bss, 50408K reserved, 0K cma-reserved)
[    0.000000] SLUB: HWalign=64, Order=0-3, MinObjects=0, CPUs=2, Nodes=1
[    0.000000] Kernel/User page tables isolation: enabled
[    0.000000] Hierarchical RCU implementation.
[    0.000000] 	Build-time adjustment of leaf fanout to 64.
[    0.000000] 	RCU restricting CPUs from NR_CPUS=512 to nr_cpu_ids=2.
[    0.000000] RCU: Adjusting geometry for rcu_fanout_leaf=64, nr_cpu_ids=2
[    0.000000] NR_IRQS:33024 nr_irqs:440 16
[    0.000000] Console: colour VGA+ 80x25
[    0.000000] console [tty1] enabled
[    0.000000] console [ttyS0] enabled
[    0.000000] tsc: Detected 2394.466 MHz processor
[    0.331252] Calibrating delay loop (skipped) preset value.. 4788.93 BogoMIPS (lpj=9577864)
[    0.335149] pid_max: default: 32768 minimum: 301
[    0.337230] ACPI: Core revision 20150930
[    0.342953] ACPI: 2 ACPI AML tables successfully acquired and loaded
[    0.345791] Security Framework initialized
[    0.347588] Yama: becoming mindful.
[    0.349268] AppArmor: AppArmor initialized
[    0.351288] Dentry cache hash table entries: 131072 (order: 8, 1048576 bytes)
[    0.358619] Inode-cache hash table entries: 65536 (order: 7, 524288 bytes)
[    0.361598] Mount-cache hash table entries: 2048 (order: 2, 16384 bytes)
[    0.364259] Mountpoint-cache hash table entries: 2048 (order: 2, 16384 bytes)
[    0.367318] Initializing cgroup subsys io
[    0.369082] Initializing cgroup subsys memory
[    0.371035] Initializing cgroup subsys devices
[    0.372989] Initializing cgroup subsys freezer
[    0.374984] Initializing cgroup subsys net_cls
[    0.376911] Initializing cgroup subsys perf_event
[    0.378940] Initializing cgroup subsys net_prio
[    0.380908] Initializing cgroup subsys hugetlb
[    0.382827] Initializing cgroup subsys pids
[    0.385748] mce: CPU supports 0 MCE banks
[    0.387686] Last level iTLB entries: 4KB 1024, 2MB 1024, 4MB 1024
[    0.390151] Last level dTLB entries: 4KB 1024, 2MB 1024, 4MB 1024, 1GB 4
[    0.392703] Spectre V1 : Mitigation: usercopy/swapgs barriers and __user pointer sanitization
[    0.396427] Spectre V2 : Mitigation: Full generic retpoline
[    0.398745] Spectre V2 : Spectre v2 / SpectreRSB mitigation: Filling RSB on context switch
[    0.402379] Speculative Store Bypass: Vulnerable
[    0.404908] MDS: Vulnerable: Clear CPU buffers attempted, no microcode
[    0.413424] Freeing SMP alternatives memory: 36K
[    0.427324] ftrace: allocating 32296 entries in 127 pages
[    0.547349] smpboot: APIC(0) Converting physical 0 to logical package 0
[    0.549946] smpboot: Max logical packages: 1
[    0.552550] x2apic enabled
[    0.554720] Switched APIC routing to physical x2apic.
[    0.559748] ..TIMER: vector=0x30 apic1=0 pin1=2 apic2=-1 pin2=-1
[    0.670248] smpboot: CPU0: Intel(R) Core(TM) i7-4700HQ CPU @ 2.40GHz (family: 0x6, model: 0x3c, stepping: 0x3)
[    0.674758] Performance Events: unsupported p6 CPU model 60 no PMU driver, software events only.
[    0.696924] KVM setup paravirtual spinlock
[    0.699725] x86: Booting SMP configuration:
[    0.701642] .... node  #0, CPUs:      #1
[    0.703388] kvm-clock: cpu 1, msr 0:3ffe3041, secondary cpu clock
[    0.705865] mce: CPU supports 0 MCE banks
[    0.708896] x86: Booted up 1 node, 2 CPUs
[    0.711331] smpboot: Total of 2 processors activated (9577.86 BogoMIPS)
[    0.714638] devtmpfs: initialized
[    0.729057] evm: security.selinux
[    0.730661] evm: security.SMACK64
[    0.732172] evm: security.SMACK64EXEC
[    0.733775] evm: security.SMACK64TRANSMUTE
[    0.735550] evm: security.SMACK64MMAP
[    0.737112] evm: security.ima
[    0.738588] evm: security.capability
[    0.740563] clocksource: jiffies: mask: 0xffffffff max_cycles: 0xffffffff, max_idle_ns: 7645041785100000 ns
[    0.744460] futex hash table entries: 512 (order: 3, 32768 bytes)
[    0.746931] pinctrl core: initialized pinctrl subsystem
[    0.749094] RTC time:  2:00:43, date: 11/04/19
[    0.751162] NET: Registered protocol family 16
[    0.763580] cpuidle: using governor ladder
[    0.774629] cpuidle: using governor menu
[    0.776741] PCCT header not found.
[    0.778540] ACPI: bus type PCI registered
[    0.780371] acpiphp: ACPI Hot Plug PCI Controller Driver version: 0.5
[    0.783207] PCI: Using configuration type 1 for base access
[    0.800432] ACPI: Added _OSI(Module Device)
[    0.802463] ACPI: Added _OSI(Processor Device)
[    0.804426] ACPI: Added _OSI(3.0 _SCP Extensions)
[    0.806643] ACPI: Added _OSI(Processor Aggregator Device)
[    0.810363] ACPI: Executed 1 blocks of module-level executable AML code
[    0.819149] ACPI: Interpreter enabled
[    0.820931] ACPI: (supports S0 S5)
[    0.822699] ACPI: Using IOAPIC for interrupt routing
[    0.825381] PCI: Using host bridge windows from ACPI; if necessary, use "pci=nocrs" and report a bug
[    0.838520] ACPI: PCI Root Bridge [PCI0] (domain 0000 [bus 00-ff])
[    0.840985] acpi PNP0A03:00: _OSC: OS supports [ASPM ClockPM Segments MSI]
[    0.844597] acpi PNP0A03:00: _OSC: not requesting OS control; OS requires [ExtendedConfig ASPM ClockPM MSI]
[    0.848759] acpi PNP0A03:00: fail to add MMCONFIG information, can't access extended PCI configuration space under this bridge.
[    0.853964] PCI host bridge to bus 0000:00
[    0.855859] pci_bus 0000:00: root bus resource [io  0x0000-0x0cf7 window]
[    0.858519] pci_bus 0000:00: root bus resource [io  0x0d00-0xffff window]
[    0.861169] pci_bus 0000:00: root bus resource [mem 0x000a0000-0x000bffff window]
[    0.864716] pci_bus 0000:00: root bus resource [mem 0x40000000-0xfdffffff window]
[    0.868162] pci_bus 0000:00: root bus resource [bus 00-ff]
[    0.873440] pci 0000:00:01.1: legacy IDE quirk: reg 0x10: [io  0x01f0-0x01f7]
[    0.876280] pci 0000:00:01.1: legacy IDE quirk: reg 0x14: [io  0x03f6]
[    0.878900] pci 0000:00:01.1: legacy IDE quirk: reg 0x18: [io  0x0170-0x0177]
[    0.881568] pci 0000:00:01.1: legacy IDE quirk: reg 0x1c: [io  0x0376]
[    0.933287] pci 0000:00:07.0: quirk: [io  0x4000-0x403f] claimed by PIIX4 ACPI
[    0.936647] pci 0000:00:07.0: quirk: [io  0x4100-0x410f] claimed by PIIX4 SMB
[    0.948073] ACPI: PCI Interrupt Link [LNKA] (IRQs 5 9 10 *11)
[    0.951718] ACPI: PCI Interrupt Link [LNKB] (IRQs 5 9 *10 11)
[    0.955097] ACPI: PCI Interrupt Link [LNKC] (IRQs 5 *9 10 11)
[    0.958282] ACPI: PCI Interrupt Link [LNKD] (IRQs 5 9 10 *11)
[    0.961509] ACPI: Enabled 2 GPEs in block 00 to 07
[    0.964275] vgaarb: setting as boot device: PCI:0000:00:02.0
[    0.966689] vgaarb: device added: PCI:0000:00:02.0,decodes=io+mem,owns=io+mem,locks=none
[    0.970382] vgaarb: loaded
[    0.971834] vgaarb: bridge control possible 0000:00:02.0
[    0.974620] SCSI subsystem initialized
[    0.976776] ACPI: bus type USB registered
[    0.978724] usbcore: registered new interface driver usbfs
[    0.981160] usbcore: registered new interface driver hub
[    0.983455] usbcore: registered new device driver usb
[    0.986204] PCI: Using ACPI for IRQ routing
[    0.988675] NetLabel: Initializing
[    0.990321] NetLabel:  domain hash size = 128
[    0.992465] NetLabel:  protocols = UNLABELED CIPSOv4
[    0.998272] NetLabel:  unlabeled traffic allowed by default
[    1.000960] amd_nb: Cannot enumerate AMD northbridges
[    1.003198] clocksource: Switched to clocksource kvm-clock
[    1.027741] AppArmor: AppArmor Filesystem Enabled
[    1.029754] pnp: PnP ACPI init
[    1.032870] pnp: PnP ACPI: found 3 devices
[    1.045500] clocksource: acpi_pm: mask: 0xffffff max_cycles: 0xffffff, max_idle_ns: 2085701024 ns
[    1.049224] NET: Registered protocol family 2
[    1.051314] TCP established hash table entries: 8192 (order: 4, 65536 bytes)
[    1.053868] TCP bind hash table entries: 8192 (order: 5, 131072 bytes)
[    1.056289] TCP: Hash tables configured (established 8192 bind 8192)
[    1.058630] UDP hash table entries: 512 (order: 2, 16384 bytes)
[    1.060916] UDP-Lite hash table entries: 512 (order: 2, 16384 bytes)
[    1.063937] NET: Registered protocol family 1
[    1.066055] pci 0000:00:00.0: Limiting direct PCI/PCI transfers
[    1.068539] pci 0000:00:01.0: Activating ISA DMA hang workarounds
[    1.071272] Unpacking initramfs...
[    1.598351] Freeing initrd memory: 14836K
[    1.600469] RAPL PMU detected, API unit is 2^-32 Joules, 4 fixed counters 10737418240 ms ovfl timer
[    1.604475] hw unit of domain pp0-core 2^-0 Joules
[    1.606511] hw unit of domain package 2^-0 Joules
[    1.608599] hw unit of domain dram 2^-0 Joules
[    1.610553] hw unit of domain pp1-gpu 2^-0 Joules
[    1.612709] clocksource: tsc: mask: 0xffffffffffffffff max_cycles: 0x2283cbcff6b, max_idle_ns: 440795320573 ns
[    1.617125] platform rtc_cmos: registered platform RTC device (no PNP device found)
[    1.620585] Scanning for low memory corruption every 60 seconds
[    1.623596] audit: initializing netlink subsys (disabled)
[    1.625836] audit: type=2000 audit(1572832881.578:1): initialized
[    1.628863] Initialise system trusted keyring
[    1.631039] HugeTLB registered 2 MB page size, pre-allocated 0 pages
[    1.636827] zbud: loaded
[    1.638849] VFS: Disk quotas dquot_6.6.0
[    1.640776] VFS: Dquot-cache hash table entries: 512 (order 0, 4096 bytes)
[    1.644099] squashfs: version 4.0 (2009/01/31) Phillip Lougher
[    1.647180] fuse init (API version 7.23)
[    1.649299] Key type big_key registered
[    1.651150] Allocating IMA MOK and blacklist keyrings.
[    1.655127] Key type asymmetric registered
[    1.657152] Asymmetric key parser 'x509' registered
[    1.659342] Block layer SCSI generic (bsg) driver version 0.4 loaded (major 249)
[    1.662764] io scheduler noop registered
[    1.664603] io scheduler deadline registered (default)
[    1.666814] io scheduler cfq registered
[    1.668797] pci_hotplug: PCI Hot Plug PCI Core version: 0.5
[    1.671119] pciehp: PCI Express Hot Plug Controller Driver version: 0.4
[    1.674488] ACPI: AC Adapter [AC] (on-line)
[    1.676601] input: Power Button as /devices/LNXSYSTM:00/LNXPWRBN:00/input/input0
[    1.680216] ACPI: Power Button [PWRF]
[    1.682445] input: Sleep Button as /devices/LNXSYSTM:00/LNXSLPBN:00/input/input1
[    1.686086] ACPI: Sleep Button [SLPF]
[    1.689438] ACPI: Battery Slot [BAT0] (battery present)
[    1.691755] GHES: HEST is not enabled!
[    1.693691] Serial: 8250/16550 driver, 32 ports, IRQ sharing enabled
[    1.717483] 00:02: ttyS0 at I/O 0x3f8 (irq = 4, base_baud = 115200) is a 16550A
[    1.723247] Linux agpgart interface v0.103
[    1.727531] loop: module loaded
[    1.730441] scsi host0: ata_piix
[    1.732360] scsi host1: ata_piix
[    1.734028] ata1: PATA max UDMA/33 cmd 0x1f0 ctl 0x3f6 bmdma 0xd000 irq 14
[    1.736815] ata2: PATA max UDMA/33 cmd 0x170 ctl 0x376 bmdma 0xd008 irq 15
[    1.739688] libphy: Fixed MDIO Bus: probed
[    1.741561] tun: Universal TUN/TAP device driver, 1.6
[    1.743666] tun: (C) 1999-2004 Max Krasnyansky <maxk@qualcomm.com>
[    1.746276] PPP generic driver version 2.4.2
[    1.748356] ehci_hcd: USB 2.0 'Enhanced' Host Controller (EHCI) Driver
[    1.750892] ehci-pci: EHCI PCI platform driver
[    1.752884] ehci-platform: EHCI generic platform driver
[    1.755171] ohci_hcd: USB 1.1 'Open' Host Controller (OHCI) Driver
[    1.758112] ohci-pci: OHCI PCI platform driver
[    1.760345] ohci-platform: OHCI generic platform driver
[    1.762532] uhci_hcd: USB Universal Host Controller Interface driver
[    1.765153] i8042: PNP: PS/2 Controller [PNP0303:PS2K,PNP0f03:PS2M] at 0x60,0x64 irq 1,12
[    1.769459] serio: i8042 KBD port at 0x60,0x64 irq 1
[    1.771623] serio: i8042 AUX port at 0x60,0x64 irq 12
[    1.773961] mousedev: PS/2 mouse device common for all mice
[    1.777006] input: AT Translated Set 2 keyboard as /devices/platform/i8042/serio0/input/input2
[    1.780867] rtc_cmos rtc_cmos: rtc core: registered rtc_cmos as rtc0
[    1.783464] rtc_cmos rtc_cmos: alarms up to one day, 114 bytes nvram
[    1.785763] i2c /dev entries driver
[    1.787425] device-mapper: uevent: version 1.0.3
[    1.789467] device-mapper: ioctl: 4.34.0-ioctl (2015-10-28) initialised: dm-devel@redhat.com
[    1.792889] ledtrig-cpu: registered to indicate activity on CPUs
[    1.796023] NET: Registered protocol family 10
[    1.798220] NET: Registered protocol family 17
[    1.800289] Key type dns_resolver registered
[    1.802729] registered taskstats version 1
[    1.804569] Loading compiled-in X.509 certificates
[    1.807389] Loaded X.509 cert 'Build time autogenerated kernel key: 75bc1b51278a37d3abb49bab6b1b0161a6cc9ec0'
[    1.811224] zswap: loaded using pool lzo/zbud
[    1.815843] Key type trusted registered
[    1.822724] Key type encrypted registered
[    1.824642] AppArmor: AppArmor sha1 policy hashing enabled
[    1.826902] ima: No TPM chip found, activating TPM-bypass!
[    1.829239] ima: Allocated hash algorithm: sha1
[    1.831252] evm: HMAC attrs: 0x1
[    1.833360]   Magic number: 11:500:4
[    1.835292] rtc_cmos rtc_cmos: setting system clock to 2019-11-04 02:00:45 UTC (1572832845)
[    1.839128] BIOS EDD facility v0.16 2004-Jun-25, 0 devices found
[    1.841667] EDD information not available.
[    1.908602] Freeing unused kernel memory: 1488K
[    1.914347] Write protecting the kernel read-only data: 14336k
[    1.921098] Freeing unused kernel memory: 1604K
[    1.925211] Freeing unused kernel memory: 60K
Loading, please wait...
starting version 229
[    1.961164] random: systemd-udevd: uninitialized urandom read (16 bytes read, 3 bits of entropy available)
[    1.962957] random: udevadm: uninitialized urandom read (16 bytes read, 3 bits of entropy available)
[    1.963006] random: udevadm: uninitialized urandom read (16 bytes read, 3 bits of entropy available)
[    1.979821] random: systemd-udevd: uninitialized urandom read (16 bytes read, 3 bits of entropy available)
[    1.983915] random: systemd-udevd: uninitialized urandom read (16 bytes read, 3 bits of entropy available)
[    1.986620] random: udevadm: uninitialized urandom read (16 bytes read, 3 bits of entropy available)
[    1.986694] random: udevadm: uninitialized urandom read (16 bytes read, 3 bits of entropy available)
[    1.986992] random: udevadm: uninitialized urandom read (16 bytes read, 3 bits of entropy available)
[    1.987086] random: udevadm: uninitialized urandom read (16 bytes read, 3 bits of entropy available)
[    1.987178] random: udevadm: uninitialized urandom read (16 bytes read, 3 bits of entropy available)
[    2.053651] Fusion MPT base driver 3.04.20
[    2.055729] Copyright (c) 1999-2008 LSI Corporation
[    2.058575] e1000: Intel(R) PRO/1000 Network Driver - version 7.3.21-k8-NAPI
[    2.061399] e1000: Copyright (c) 1999-2006 Intel Corporation.
[    2.075554] Fusion MPT SPI Host driver 3.04.20
[    2.118956] AVX2 version of gcm_enc/dec engaged.
[    2.120877] AES CTR mode by8 optimization enabled
[    2.279948] input: ImExPS/2 Generic Explorer Mouse as /devices/platform/i8042/serio1/input/input4
[    2.530144] e1000 0000:00:03.0 eth0: (PCI:33MHz:32-bit) 02:95:cf:22:ea:76
[    2.532859] e1000 0000:00:03.0 eth0: Intel(R) PRO/1000 Network Connection
[    2.537103] mptbase: ioc0: Initiating bringup
[    2.540052] e1000 0000:00:03.0 enp0s3: renamed from eth0
[    2.599943] ioc0: LSI53C1030 A0: Capabilities={Initiator}
[    2.769276] scsi host2: ioc0: LSI53C1030 A0, FwRev=00000000h, Ports=1, MaxQ=256, IRQ=20
[    2.892209] scsi 2:0:0:0: Direct-Access     VBOX     HARDDISK         1.0  PQ: 0 ANSI: 5
[    2.895998] scsi target2:0:0: Beginning Domain Validation
[    2.901410] scsi target2:0:0: Domain Validation skipping write tests
[    2.903732] scsi target2:0:0: Ending Domain Validation
[    2.905980] scsi target2:0:0: asynchronous
[    2.936207] scsi 2:0:1:0: Direct-Access     VBOX     HARDDISK         1.0  PQ: 0 ANSI: 5
[    2.940083] scsi target2:0:1: Beginning Domain Validation
[    2.944801] scsi target2:0:1: Domain Validation skipping write tests
[    2.947733] scsi target2:0:1: Ending Domain Validation
[    2.950237] scsi target2:0:1: asynchronous
[    2.959202] sd 2:0:0:0: Attached scsi generic sg0 type 0
[    2.959640] sd 2:0:0:0: [sda] 20971520 512-byte logical blocks: (10.7 GB/10.0 GiB)
[    2.959879] sd 2:0:0:0: [sda] Write Protect is off
[    2.960046] sd 2:0:0:0: [sda] Incomplete mode parameter data
[    2.960049] sd 2:0:0:0: [sda] Assuming drive cache: write through
[    2.971907] sd 2:0:1:0: Attached scsi generic sg1 type 0
[    2.972087] sd 2:0:1:0: [sdb] 20480 512-byte logical blocks: (10.5 MB/10.0 MiB)
[    2.972318] sd 2:0:1:0: [sdb] Write Protect is off
[    2.972465] sd 2:0:1:0: [sdb] Incomplete mode parameter data
[    2.972468] sd 2:0:1:0: [sdb] Assuming drive cache: write through
[    2.992006]  sda: sda1
[    2.994457] sd 2:0:0:0: [sda] Attached SCSI disk
[    3.008142] sd 2:0:1:0: [sdb] Attached SCSI disk
Begin: Loading essential drivers ... [    4.998128] md: linear personality registered for level -1
[    5.004223] md: multipath personality registered for level -4
[    5.010238] md: raid0 personality registered for level 0
[    5.018296] md: raid1 personality registered for level 1
[    5.091573] raid6: sse2x1   gen()  2640 MB/s
[    5.159938] raid6: sse2x1   xor()  1683 MB/s
[    5.227297] raid6: sse2x2   gen()  4570 MB/s
[    5.295642] raid6: sse2x2   xor()  3294 MB/s
[    5.363972] raid6: sse2x4   gen()  7280 MB/s
[    5.431351] raid6: sse2x4   xor()  4153 MB/s
[    5.499691] raid6: avx2x1   gen()  5797 MB/s
[    5.568043] raid6: avx2x2   gen() 10792 MB/s
[    5.635399] raid6: avx2x4   gen() 13985 MB/s
[    5.637342] raid6: using algorithm avx2x4 gen() 13985 MB/s
[    5.639734] raid6: using avx2x2 recovery algorithm
[    5.643577] xor: automatically using best checksumming function:
[    5.683714]    avx       : 18242.000 MB/sec
[    5.687546] async_tx: api initialized (async)
[    5.705284] md: raid6 personality registered for level 6
[    5.707703] md: raid5 personality registered for level 5
[    5.709942] md: raid4 personality registered for level 4
[    5.722498] md: raid10 personality registered for level 10
done.
Begin: Running /scripts/init-premount ... done.
Begin: Mounting root file system ... Begin: Running /scripts/local-top ... done.
Begin: Running /scripts/local-premount ... [    5.781974] Btrfs loaded
Scanning for Btrfs filesystems
done.
Warning: fsck not present, so skipping root file system
[    5.945584] EXT4-fs (sda1): mounted filesystem with ordered data mode. Opts: (null)
done.
Begin: Running /scripts/local-bottom ... done.
Begin: Running /scripts/init-bottom ... done.
[    6.683228] systemd[1]: systemd 229 running in system mode. (+PAM +AUDIT +SELINUX +IMA +APPARMOR +SMACK +SYSVINIT +UTMP +LIBCRYPTSETUP +GCRYPT +GNUTLS +ACL +XZ -LZ4 +SECCOMP +BLKID +ELFUTILS +KMOD -IDN)
[    6.711910] systemd[1]: Detected virtualization oracle.
[    6.718196] systemd[1]: Detected architecture x86-64.

Welcome to [1mUbuntu 16.04.6 LTS[0m!

[    6.765126] systemd[1]: Set hostname to <ubuntu>.
[    6.933497] systemd[1]: Initializing machine ID from random generator.
[    6.943851] systemd[1]: Installed transient /etc/machine-id file.
[    7.099105] random: nonblocking pool is initialized
[    9.671618] systemd[1]: Listening on udev Control Socket.
[[0;32m  OK  [0m] Listening on udev Control Socket.
[    9.691729] systemd[1]: Listening on Device-mapper event daemon FIFOs.
[[0;32m  OK  [0m] Listening on Device-mapper event daemon FIFOs.
[    9.699479] systemd[1]: Listening on Journal Audit Socket.
[[0;32m  OK  [0m] Listening on Journal Audit Socket.
[    9.705839] systemd[1]: Reached target User and Group Name Lookups.
[[0;32m  OK  [0m] Reached target User and Group Name Lookups.
[    9.713042] systemd[1]: Listening on Journal Socket (/dev/log).
[[0;32m  OK  [0m] Listening on Journal Socket (/dev/log).
[    9.719790] systemd[1]: Listening on Syslog Socket.
[[0;32m  OK  [0m] Listening on Syslog Socket.
[    9.726523] systemd[1]: Created slice System Slice.
[[0;32m  OK  [0m] Created slice System Slice.
[    9.741459] systemd[1]: Created slice system-serial\x2dgetty.slice.
[[0;32m  OK  [0m] Created slice system-serial\x2dgetty.slice.
[    9.748589] systemd[1]: Reached target Swap.
[[0;32m  OK  [0m] Reached target Swap.
[    9.753944] systemd[1]: Reached target Encrypted Volumes.
[[0;32m  OK  [0m] Reached target Encrypted Volumes.
[    9.767755] systemd[1]: Started Trigger resolvconf update for networkd DNS.
[[0;32m  OK  [0m] Started Trigger resolvconf update for networkd DNS.
[    9.775701] systemd[1]: Set up automount Arbitrary Executable File Formats File System Automount Point.
[[0;32m  OK  [0m] Set up automount Arbitrary Executab...ats File System Automount Point.
[    9.792190] systemd[1]: Listening on udev Kernel Socket.
[[0;32m  OK  [0m] Listening on udev Kernel Socket.
[    9.804154] systemd[1]: Started Forward Password Requests to Wall Directory Watch.
[[0;32m  OK  [0m] Started Forward Password Requests to Wall Directory Watch.
[    9.813387] systemd[1]: Listening on LVM2 metadata daemon socket.
[[0;32m  OK  [0m] Listening on LVM2 metadata daemon socket.
[    9.828539] systemd[1]: Listening on Journal Socket.
[[0;32m  OK  [0m] Listening on Journal Socket.
[    9.851857] systemd[1]: Starting Remount Root and Kernel File Systems...
         Starting Remount Root and Kernel File Systems...
[    9.865437] systemd[1]: Starting Set console keymap...
         Starting Set console keymap...
[    9.869867] systemd[1]: Mounting Debug File System...
         Mounting Debug File System...
[    9.874197] systemd[1]: Mounting POSIX Message Queue File System...
         Mounting POSIX Message Queue File System...
[    9.885140] systemd[1]: Mounting Huge Pages File System...
         Mounting Huge Pages File System...
[    9.889706] systemd[1]: Starting Journal Service...
         Starting Journal Service...
[    9.962558] EXT4-fs (sda1): re-mounted. Opts: (null)
[    9.991339] systemd[1]: Starting Nameserver information manager...
         Starting Nameserver information manager...
[   10.001450] systemd[1]: Starting Create list of required static device nodes for the current kernel...
         Starting Create list of required st... nodes for the current kernel...
[   10.013077] systemd[1]: Starting Monitoring of LVM2 mirrors, snapshots etc. using dmeventd or progress polling...
         Starting Monitoring of LVM2 mirrors... dmeventd or progress polling...
[   10.029748] systemd[1]: Starting Uncomplicated firewall...
         Starting Uncomplicated firewall...
[   10.038329] systemd[1]: Created slice User and Session Slice.
[[0;32m  OK  [0m] Created slice User and Session Slice.
[   10.045291] systemd[1]: Reached target Slices.
[[0;32m  OK  [0m] Reached target Slices.
[   10.244109] systemd[1]: Starting Load Kernel Modules...
         Starting Load Kernel Modules...
[   10.258243] systemd[1]: Listening on LVM2 poll daemon socket.
[[0;32m  OK  [0m] Listening on LVM2 poll daemon socket.
[   10.272697] systemd[1]: Reached target System Time Synchronized.
[[0;32m  OK  [0m] Reached target System Time Synchronized.
[   10.302910] systemd[1]: Listening on /dev/initctl Compatibility Named Pipe.
[[0;32m  OK  [0m] Listening on /dev/initctl Compatibility Named Pipe.
[   10.338907] systemd[1]: Mounted POSIX Message Queue File System.
[[0;32m  OK  [0m] Mounted POSIX Message Queue File System.
[   10.347752] systemd[1]: Mounted Huge Pages File System.
[[0;32m  OK  [0m] Mounted Huge Pages File System.
[   10.354252] systemd[1]: Mounted Debug File System.
[[0;32m  OK  [0m] Mounted Debug File System.
[   10.362992] systemd[1]: Started Remount Root and Kernel File Systems.
[[0;32m  OK  [0m] Started Remount Root and Kernel File Systems.
[   10.389259] systemd[1]: Started Create list of required static device nodes for the current kernel.
[[0;32m  OK  [0m] Started Create list of required sta...ce nodes for the current kernel.
[   10.397242] systemd[1]: Started Uncomplicated firewall.
[[0;32m  OK  [0m] Started Uncomplicated firewall.
[   10.499673] systemd[1]: Starting Create Static Device Nodes in /dev...
         Starting Create Static Device Nodes in /dev...
[   10.505892] systemd[1]: Starting Load/Save Random Seed...
         Starting Load/Save Random Seed...
[   10.547506] Loading iSCSI transport class v2.0-870.
[   10.624243] systemd[1]: Starting udev Coldplug all Devices...
         Starting udev Coldplug all Devices...
[   10.629944] iscsi: registered transport (tcp)
[   10.633323] systemd[1]: Started Journal Service.
[[0;32m  OK  [0m] Started Journal Service.
[[0;32m  OK  [0m] Started Set console keymap.
[[0;32m  OK  [0m] Started Nameserver information manager.
[[0;32m  OK  [0m] Started Load/Save Random Seed.
[[0;32m  OK  [0m] Started LVM2 metadata daemon.
         Starting Flush Journal to Persistent Storage...
[[0;32m  OK  [0m] Started udev Coldplug all Devices.
[   10.897399] systemd-journald[379]: Received request to flush runtime journal from PID 1
[[0;32m  OK  [0m] Started Flush Journal to Persistent Storage.
[   10.998997] iscsi: registered transport (iser)
[[0;32m  OK  [0m] Started Load Kernel Modules.
         Starting Apply Kernel Variables...
         Mounting FUSE Control File System...
[[0;32m  OK  [0m] Mounted FUSE Control File System.
[[0;32m  OK  [0m] Started Monitoring of LVM2 mirrors,...ng dmeventd or progress polling.
[[0;32m  OK  [0m] Started Apply Kernel Variables.
[[0;32m  OK  [0m] Started Create Static Device Nodes in /dev.
         Starting udev Kernel Device Manager...
[[0;32m  OK  [0m] Reached target Local File Systems (Pre).
[[0;32m  OK  [0m] Reached target Local File Systems.
         Starting Tell Plymouth To Write Out Runtime Data...
         Starting Set console font and keymap...
         Starting LSB: AppArmor initialization...
         Starting Initial cloud-init job (pre-networking)...
         Starting Commit a transient machine-id on disk...
         Starting Create Volatile Files and Directories...
[[0;32m  OK  [0m] Started Commit a transient machine-id on disk.
[[0;32m  OK  [0m] Started Tell Plymouth To Write Out Runtime Data.
[[0;32m  OK  [0m] Started Create Volatile Files and Directories.
         Starting Update UTMP about System Boot/Shutdown...
[[0;32m  OK  [0m] Started Update UTMP about System Boot/Shutdown.
[[0;32m  OK  [0m] Started udev Kernel Device Manager.
[[0;32m  OK  [0m] Started Dispatch Password Requests to Console Directory Watch.
[[0;32m  OK  [0m] Found device /dev/ttyS0.
[[0;32m  OK  [0m] Listening on Load/Save RF Kill Switch Status /dev/rfkill Watch.
[[0;32m  OK  [0m] Started Set console font and keymap.
[[0;32m  OK  [0m] Created slice system-getty.slice.
[[0;32m  OK  [0m] Started LSB: AppArmor initialization.
[   19.112824] cloud-init[473]: Cloud-init v. 19.2-36-g059d049c-0ubuntu2~16.04.1 running 'init-local' at Mon, 04 Nov 2019 02:01:02 +0000. Up 18.21 seconds.
[[0;32m  OK  [0m] Started Initial cloud-init job (pre-networking).
[[0;32m  OK  [0m] Reached target Network (Pre).
         Starting Raise network interfaces...
[[0;32m  OK  [0m] Started Raise network interfaces.
         Starting Initial cloud-init job (metadata service crawler)...
[[0;32m  OK  [0m] Reached target Network.
[   23.549683] cloud-init[932]: Cloud-init v. 19.2-36-g059d049c-0ubuntu2~16.04.1 running 'init' at Mon, 04 Nov 2019 02:01:04 +0000. Up 20.65 seconds.
[   23.557615] cloud-init[932]: ci-info: ++++++++++++++++++++++++++++++++++++++Net device info++++++++++++++++++++++++++++++++++++++
[   23.559837] cloud-init[932]: ci-info: +--------+------+----------------------------+---------------+--------+-------------------+
[   23.569346] cloud-init[932]: ci-info: | Device |  Up  |          Address           |      Mask     | Scope  |     Hw-Address    |
[   23.571470] cloud-init[932]: ci-info: +--------+------+----------------------------+---------------+--------+-------------------+
[   23.573653] cloud-init[932]: ci-info: | enp0s3 | True |         10.0.2.15          | 255.255.255.0 | global | 02:95:cf:22:ea:76 |
[   23.575792] cloud-init[932]: ci-info: | enp0s3 | True | fe80::95:cfff:fe22:ea76/64 |       .       |  link  | 02:95:cf:22:ea:76 |
[   23.577930] cloud-init[932]: ci-info: |   lo   | True |         127.0.0.1          |   255.0.0.0   |  host  |         .         |
[   23.580064] cloud-init[932]: ci-info: |   lo   | True |          ::1/128           |       .       |  host  |         .         |
[   23.582211] cloud-init[932]: ci-info: +--------+------+----------------------------+---------------+--------+-------------------+
[   23.584449] cloud-init[932]: ci-info: +++++++++++++++++++++++++++Route IPv4 info++++++++++++++++++++++++++++
[   23.592749] cloud-init[932]: ci-info: +-------+-------------+----------+---------------+-----------+-------+
[   23.600556] cloud-init[932]: ci-info: | Route | Destination | Gateway  |    Genmask    | Interface | Flags |
[   23.609373] cloud-init[932]: ci-info: +-------+-------------+----------+---------------+-----------+-------+
[   23.611314] cloud-init[932]: ci-info: |   0   |   0.0.0.0   | 10.0.2.2 |    0.0.0.0    |   enp0s3  |   UG  |
[   23.613143] cloud-init[932]: ci-info: |   1   |   10.0.2.0  | 0.0.0.0  | 255.255.255.0 |   enp0s3  |   U   |
[   23.614916] cloud-init[932]: ci-info: +-------+-------------+----------+---------------+-----------+-------+
[   23.621071] cloud-init[932]: ci-info: +++++++++++++++++++Route IPv6 info+++++++++++++++++++
[   23.629024] cloud-init[932]: ci-info: +-------+-------------+---------+-----------+-------+
[   23.636635] cloud-init[932]: ci-info: | Route | Destination | Gateway | Interface | Flags |
[   23.645386] cloud-init[932]: ci-info: +-------+-------------+---------+-----------+-------+
[   23.645677] cloud-init[932]: ci-info: |   0   |  fe80::/64  |    ::   |   enp0s3  |   U   |
[   23.646332] cloud-init[932]: ci-info: |   3   |   ff00::/8  |    ::   |   enp0s3  |   U   |
[   23.646633] cloud-init[932]: ci-info: +-------+-------------+---------+-----------+-------+
[   23.646943] cloud-init[932]: Generating public/private rsa key pair.
[   23.647450] cloud-init[932]: Your identification has been saved in /etc/ssh/ssh_host_rsa_key.
[   23.648402] cloud-init[932]: Your public key has been saved in /etc/ssh/ssh_host_rsa_key.pub.
[   23.648868] cloud-init[932]: The key fingerprint is:
[   23.649204] cloud-init[932]: SHA256:XbvOunGbNEMWpaLj2Qb2bUe9zVR/WymlJAB1ajJihzE root@ubuntu-xenial
[   23.649846] cloud-init[932]: The key's randomart image is:
[   23.650177] cloud-init[932]: +---[RSA 2048]----+
[   23.650643] cloud-init[932]: |     E .oo .  .  |
[   23.650972] cloud-init[932]: |      +   +  o   |
[   23.651531] cloud-init[932]: |     + + o..+. ..|
[   23.652234] cloud-init[932]: |    . o +o oooo.+|
[   23.652640] cloud-init[932]: |        S . +o..*|
[   23.653305] cloud-init[932]: |       o * + o.o*|
[   23.654208] cloud-init[932]: |        o = O .oo|
[   23.654649] cloud-init[932]: |         . B *   |
[   23.655308] cloud-init[932]: |          oo=    |
[   23.655769] cloud-init[932]: +----[SHA256]-----+
[   23.656235] cloud-init[932]: Generating public/private dsa key pair.
[   23.656675] cloud-init[932]: Your identification has been saved in /etc/ssh/ssh_host_dsa_key.
[   23.657500] cloud-init[932]: Your public key has been saved in /etc/ssh/ssh_host_dsa_key.pub.
[   23.658409] cloud-init[932]: The key fingerprint is:
[   23.659082] cloud-init[932]: SHA256:0GPGGNWmDroc8qYFpHovrVp3X1ASrYuLZQVRqm7Y1JI root@ubuntu-xenial
[   23.659756] cloud-init[932]: The key's randomart image is:
[   23.660430] cloud-init[932]: +---[DSA 1024]----+
[   23.661097] cloud-init[932]: |      o++o       |
[   23.661555] cloud-init[932]: |      .* .+      |
[   23.661975] cloud-init[932]: |  .   +.B+.      |
[   23.662412] cloud-init[932]: | o   +.+++       |
[   23.663094] cloud-init[932]: |. . E..=S.       |
[   23.663597] cloud-init[932]: |. .*o.+ o.       |
[   23.664004] cloud-init[932]: |. +=**..  .      |
[   23.664682] cloud-init[932]: | o.=B... .       |
[   23.665117] cloud-init[932]: |..o=.   .        |
[   23.665582] cloud-init[932]: +----[SHA256]-----+
[   23.666003] cloud-init[932]: Generating public/private ecdsa key pair.
[   23.666675] cloud-init[932]: Your identification has been saved in /etc/ssh/ssh_host_ecdsa_key.
[   23.667123] cloud-init[932]: Your public key has been saved in /etc/ssh/ssh_host_ecdsa_key.pub.
[   23.667799] cloud-init[932]: The key fingerprint is:
[   23.668681] cloud-init[932]: SHA256:28/2mrEt9IdsdwhKN44irkOu5NUHTB06qSckrOp7t1o root@ubuntu-xenial
[   23.669371] cloud-init[932]: The key's randomart image is:
[   23.670074] cloud-init[932]: +---[ECDSA 256]---+
[   23.670982] cloud-init[932]: |        .        |
[   23.672162] cloud-init[932]: | .     + .       |
[   23.673018] cloud-init[932]: |  o . = .        |
[   23.674154] cloud-init[932]: | . o + .         |
[   23.674818] cloud-init[932]: |.   o + S        |
[   23.675279] cloud-init[932]: |.   .+ . o. =    |
[   23.675709] cloud-init[932]: |. .o.E. o..*.= o |
[   23.676215] cloud-init[932]: |.o o+.... oo+=* +|
[   23.676819] cloud-init[932]: | o=o+=o. . .*=oo.|
[   23.677281] cloud-init[932]: +----[SHA256]-----+
[   23.677767] cloud-init[932]: Generating public/private ed25519 key pair.
[   23.678625] cloud-init[932]: Your identification has been saved in /etc/ssh/ssh_host_ed25519_key.
[   23.679295] cloud-init[932]: Your public key has been saved in /etc/ssh/ssh_host_ed25519_key.pub.
[   23.680223] cloud-init[932]: The key fingerprint is:
[   23.680573] cloud-init[932]: SHA256:YShoY0u8vpCnKatYeon7PQrQ9xukeLabuSEAifm4mJ4 root@ubuntu-xenial
[   23.681158] cloud-init[932]: The key's randomart image is:
[   23.681673] cloud-init[932]: +--[ED25519 256]--+
[   23.682140] cloud-init[932]: |                 |
[   23.682579] cloud-init[932]: |.+ .   .         |
[   23.683044] cloud-init[932]: |= B . . o        |
[   23.683467] cloud-init[932]: |.B + . . .       |
[   23.683915] cloud-init[932]: |+ = . . S        |
[   23.684821] cloud-init[932]: |o* o +           |
[   23.685483] cloud-init[932]: |B.*.= o          |
[   23.685942] cloud-init[932]: |=O+*.= o         |
[   23.686915] cloud-init[932]: |@E+.B+.          |
[   23.687532] cloud-init[932]: +----[SHA256]-----+
[[0;32m  OK  [0m] Started Initial cloud-init job (metadata service crawler).
[[0;32m  OK  [0m] Reached target Network is Online.
         Starting iSCSI initiator daemon (iscsid)...
[[0;32m  OK  [0m] Reached target System Initialization.
[[0;32m  OK  [0m] Listening on UUID daemon activation socket.
         Starting LXD - unix socket.
[[0;32m  OK  [0m] Started Daily apt download activities.
[[0;32m  OK  [0m] Started ACPI Events Check.
[[0;32m  OK  [0m] Reached target Paths.
[[0;32m  OK  [0m] Started Daily Cleanup of Temporary Directories.
[[0;32m  OK  [0m] Listening on ACPID Listen Socket.
[[0;32m  OK  [0m] Listening on D-Bus System Message Bus Socket.
[[0;32m  OK  [0m] Started Daily apt upgrade and clean activities.
[[0;32m  OK  [0m] Started Message of the Day.
[[0;32m  OK  [0m] Reached target Timers.
         Starting Socket activation for snappy daemon.
[[0;32m  OK  [0m] Reached target Cloud-config availability.
[[0;32m  OK  [0m] Listening on LXD - unix socket.
[[0;32m  OK  [0m] Listening on Socket activation for snappy daemon.
[[0;32m  OK  [0m] Reached target Sockets.
[[0;32m  OK  [0m] Reached target Basic System.
[[0;32m  OK  [0m] Started Regular background program processing daemon.
         Starting Login Service...
         Starting Virtualbox guest utils...
         Starting LSB: MD monitoring daemon...
[[0;32m  OK  [0m] Started FUSE filesystem for LXC.
         Starting Pollinate to seed the pseudo random number generator...
         Starting Snappy daemon...
[[0;32m  OK  [0m] Started D-Bus System Message Bus.
         Starting Accounts Service...
         Starting System Logging Service...
         Starting LSB: Record successful boot for GRUB...
[[0;32m  OK  [0m] Started Deferred execution scheduler.
         Starting /etc/rc.local Compatibility...
[[0;32m  OK  [0m] Started ACPI event daemon.
         Starting LXD - container startup/shutdown...
[[0;32m  OK  [0m] Started /etc/rc.local Compatibility.
[[0;32m  OK  [0m] Started Login Service.
[[0;32m  OK  [0m] Started Unattended Upgrades Shutdown.
[[0;32m  OK  [0m] Started iSCSI initiator daemon (iscsid).
         Starting Login to default iSCSI targets...
[[0;32m  OK  [0m] Started Login to default iSCSI targets.
[[0;32m  OK  [0m] Reached target Remote File Systems (Pre).
[[0;32m  OK  [0m] Reached target Remote File Systems.
         Starting Permit User Sessions...
         Starting LSB: daemon to balance interrupts for SMP systems...
         Starting LSB: automatic crash report generation...
         Starting LSB: Set the CPU Frequency Scaling governor to "ondemand"...
[[0;32m  OK  [0m] Started LSB: Set the CPU Frequency Scaling governor to "ondemand".
[[0;32m  OK  [0m] Started Permit User Sessions.
         Starting Hold until boot process finishes up...
         Starting Terminate Plymouth Boot Screen...
[[0;32m  OK  [0m] Started Hold until boot process finishes up.
[[0;32m  OK  [0m] Started Terminate Plymouth Boot Screen.
[[0;32m  OK  [0m] Started LSB: MD monitoring daemon.
[[0;32m  OK  [0m] Started Getty on tty1.
         Starting Set console scheme...
[[0;32m  OK  [0m] Started Serial Getty on ttyS0.
[[0;32m  OK  [0m] Reached target Login Prompts.
[[0;32m  OK  [0m] Started LSB: daemon to balance interrupts for SMP systems.
[[0;32m  OK  [0m] Started Set console scheme.
[[0;32m  OK  [0m] Started LSB: Record successful boot for GRUB.
[[0;32m  OK  [0m] Started LSB: automatic crash report generation.
[[0;32m  OK  [0m] Started System Logging Service.
[[0;32m  OK  [0m] Started Virtualbox guest utils.
         Starting Authenticate and Authorize Users to Run Privileged Tasks...
[[0;32m  OK  [0m] Started Authenticate and Authorize Users to Run Privileged Tasks.
[[0;32m  OK  [0m] Started Accounts Service.
[[0;32m  OK  [0m] Started Snappy daemon.
         Starting Wait until snapd is fully seeded...
[[0;32m  OK  [0m] Started Pollinate to seed the pseudo random number generator.
         Starting OpenBSD Secure Shell server...
[[0;32m  OK  [0m] Started LXD - container startup/shutdown.
[[0;32m  OK  [0m] Started OpenBSD Secure Shell server.

Ubuntu 16.04.6 LTS ubuntu-xenial ttyS0

ubuntu-xenial login: [   38.278452] cloud-init[1481]: Generating locales (this might take a while)...
[   44.055956] cloud-init[1481]:   en_US.UTF-8... done
[   44.059903] cloud-init[1481]: Generation complete.
[   50.432275] cloud-init[1481]: Cloud-init v. 19.2-36-g059d049c-0ubuntu2~16.04.1 running 'modules:config' at Mon, 04 Nov 2019 02:01:21 +0000. Up 36.94 seconds.
ci-info: no authorized ssh keys fingerprints found for user ubuntu.
<14>Nov  4 02:01:35 ec2: 
<14>Nov  4 02:01:35 ec2: #############################################################
<14>Nov  4 02:01:35 ec2: -----BEGIN SSH HOST KEY FINGERPRINTS-----
<14>Nov  4 02:01:35 ec2: 1024 SHA256:0GPGGNWmDroc8qYFpHovrVp3X1ASrYuLZQVRqm7Y1JI root@ubuntu-xenial (DSA)
<14>Nov  4 02:01:35 ec2: 256 SHA256:28/2mrEt9IdsdwhKN44irkOu5NUHTB06qSckrOp7t1o root@ubuntu-xenial (ECDSA)
<14>Nov  4 02:01:35 ec2: 256 SHA256:YShoY0u8vpCnKatYeon7PQrQ9xukeLabuSEAifm4mJ4 root@ubuntu-xenial (ED25519)
<14>Nov  4 02:01:35 ec2: 2048 SHA256:XbvOunGbNEMWpaLj2Qb2bUe9zVR/WymlJAB1ajJihzE root@ubuntu-xenial (RSA)
<14>Nov  4 02:01:35 ec2: -----END SSH HOST KEY FINGERPRINTS-----
<14>Nov  4 02:01:35 ec2: #############################################################
-----BEGIN SSH HOST KEY KEYS-----
ecdsa-sha2-nistp256 AAAAE2VjZHNhLXNoYTItbmlzdHAyNTYAAAAIbmlzdHAyNTYAAABBBFFgd9NH5bPkVlg2XaJTGA+827GvOOqfXTXeH4lYClAKklvjeJzWbAJBj6BnAc+/rRXyPLYxRs9n5a966WeiTBM= root@ubuntu-xenial
ssh-ed25519 AAAAC3NzaC1lZDI1NTE5AAAAICLmtFt3NOJW/AylazpwdWScKWcJA0ol2S46L4ojgsLX root@ubuntu-xenial
ssh-rsa AAAAB3NzaC1yc2EAAAADAQABAAABAQC6FydfsiKerxwZUnRDJsKtt6TL5cezRVkJEDVD6FmiEsU15iS1+nQC6+kC0xvXHfGYPdMHIlqoKCQyMW2xJ5w8F7gzNBbJXWR1PAqAjz5rDK7XyYj4vwHT2HlDJZta7eNGTdkmiYdqZ85OK7NeqK9EbaaHu52BNk/sdLqhFqqF057JGy8h1L2z9D5KmKK8fjIHz0N2TtcF45iCzvstBtjW5elOgj10GQS5BvcFLWnsCwmZ/OZseAhgsbLvZl17qztOXMEoRvtdzwkQLCn3ahtqefLObAT/HBIi6PipwlaRqZXlLD2EL6XSOtvKo1YeqG6YdKLqNEC9AXIS+Mirg6i3 root@ubuntu-xenial
-----END SSH HOST KEY KEYS-----
[   51.683307] cloud-init[1601]: Cloud-init v. 19.2-36-g059d049c-0ubuntu2~16.04.1 running 'modules:final' at Mon, 04 Nov 2019 02:01:35 +0000. Up 51.11 seconds.
[   51.683632] cloud-init[1601]: ci-info: no authorized ssh keys fingerprints found for user ubuntu.
[   51.684272] cloud-init[1601]: Cloud-init v. 19.2-36-g059d049c-0ubuntu2~16.04.1 finished at Mon, 04 Nov 2019 02:01:35 +0000. Datasource DataSourceNoCloud [seed=/dev/sdb][dsmode=net].  Up 51.66 seconds
